time="2022-08-10T18:40:08+05:00" level=panic msg="Not Found" func="telegrambot/bot.StartBot()" file="bot.go:13"
time="2022-08-10T18:40:58+05:00" level=info func="telegrambot/bot.StartBot()" file="bot.go:10"
time="2022-08-10T18:40:58+05:00" level=panic msg="Not Found" func="telegrambot/bot.StartBot()" file="bot.go:13"
time="2022-08-10T18:41:49+05:00" level=info msg="&{ localhost 5432    8000 localhost }" func="main.main()" file="main.go:12"
time="2022-08-10T18:41:49+05:00" level=info func="telegrambot/bot.StartBot()" file="bot.go:10"
time="2022-08-10T18:41:50+05:00" level=panic msg="Not Found" func="telegrambot/bot.StartBot()" file="bot.go:13"
time="2022-08-10T18:42:21+05:00" level=info msg="&{ localhost 5432    8000 localhost }" func="main.main()" file="main.go:12"
time="2022-08-10T18:42:21+05:00" level=info func="telegrambot/bot.StartBot()" file="bot.go:10"
time="2022-08-10T18:42:22+05:00" level=panic msg="Not Found" func="telegrambot/bot.StartBot()" file="bot.go:13"
time="2022-08-10T18:42:43+05:00" level=info msg="&{ localhost 5432    8000 localhost }" func="main.main()" file="main.go:12"
time="2022-08-10T18:42:43+05:00" level=info func="telegrambot/bot.StartBot()" file="bot.go:10"
time="2022-08-10T18:42:43+05:00" level=panic msg="Not Found" func="telegrambot/bot.StartBot()" file="bot.go:13"
time="2022-08-10T18:43:18+05:00" level=info msg="&{ localhost 5432    8000 localhost }" func="main.main()" file="main.go:12"
time="2022-08-10T18:43:18+05:00" level=info func="telegrambot/bot.StartBot()" file="bot.go:10"
time="2022-08-10T18:43:18+05:00" level=panic msg="Not Found" func="telegrambot/bot.StartBot()" file="bot.go:13"
time="2022-08-10T18:44:50+05:00" level=info msg="Not SET" func="main.main()" file="main.go:12"
time="2022-08-10T18:44:50+05:00" level=info msg="Not SET" func="telegrambot/bot.StartBot()" file="bot.go:10"
time="2022-08-10T18:44:51+05:00" level=panic msg="Not Found" func="telegrambot/bot.StartBot()" file="bot.go:13"
time="2022-08-10T18:45:30+05:00" level=info msg="Not SET" func="main.main()" file="main.go:12"
time="2022-08-10T18:45:30+05:00" level=info msg="Not SET" func="telegrambot/bot.StartBot()" file="bot.go:10"
time="2022-08-10T18:45:30+05:00" level=panic msg="Not Found" func="telegrambot/bot.StartBot()" file="bot.go:13"
time="2022-08-10T18:46:48+05:00" level=info msg="Not SET" func="main.main()" file="main.go:12"
time="2022-08-10T18:46:48+05:00" level=info msg="Not SET" func="telegrambot/bot.StartBot()" file="bot.go:10"
time="2022-08-10T18:46:49+05:00" level=panic msg="Not Found" func="telegrambot/bot.StartBot()" file="bot.go:13"
time="2022-08-10T18:47:19+05:00" level=info msg="Not SET" func="main.main()" file="main.go:12"
time="2022-08-10T18:47:19+05:00" level=info msg="Not SET" func="telegrambot/bot.StartBot()" file="bot.go:10"
time="2022-08-10T18:47:19+05:00" level=panic msg="Not Found" func="telegrambot/bot.StartBot()" file="bot.go:13"
time="2022-08-10T18:47:41+05:00" level=info msg="Not SET" func="main.main()" file="main.go:12"
time="2022-08-10T18:47:41+05:00" level=info msg="Not SET" func="telegrambot/bot.StartBot()" file="bot.go:10"
time="2022-08-10T18:47:42+05:00" level=panic msg="Not Found" func="telegrambot/bot.StartBot()" file="bot.go:13"
time="2022-08-10T18:56:47+05:00" level=info msg="Not SET" func="main.main()" file="main.go:12"
time="2022-08-10T18:56:47+05:00" level=info msg="&{Not SET localhost 5432    8000 localhost}" func="main.main()" file="main.go:13"
time="2022-08-10T18:56:47+05:00" level=info msg="Not SET" func="telegrambot/bot.StartBot()" file="bot.go:10"
time="2022-08-10T18:56:47+05:00" level=panic msg="Not Found" func="telegrambot/bot.StartBot()" file="bot.go:13"
time="2022-08-10T18:57:13+05:00" level=info msg="Not SET" func="main.main()" file="main.go:12"
time="2022-08-10T18:57:13+05:00" level=info msg="&{Not SET localhost 5432    8000 localhost}" func="main.main()" file="main.go:13"
time="2022-08-10T18:57:13+05:00" level=info msg="Not SET" func="telegrambot/bot.StartBot()" file="bot.go:10"
time="2022-08-10T18:57:14+05:00" level=panic msg="Not Found" func="telegrambot/bot.StartBot()" file="bot.go:13"
time="2022-08-10T18:59:10+05:00" level=info msg="Not TOKEN" func="main.main()" file="main.go:12"
time="2022-08-10T18:59:10+05:00" level=info msg="&{Not TOKEN localhost 5432    8000 localhost}" func="main.main()" file="main.go:13"
time="2022-08-10T18:59:10+05:00" level=info msg="Not TOKEN" func="telegrambot/bot.StartBot()" file="bot.go:10"
time="2022-08-10T18:59:11+05:00" level=panic msg="Not Found" func="telegrambot/bot.StartBot()" file="bot.go:13"
time="2022-08-10T19:03:21+05:00" level=info msg="Not TOKEN" func="main.main()" file="main.go:16"
time="2022-08-10T19:03:21+05:00" level=info msg="&{Not TOKEN localhost 5432    8000 localhost}" func="main.main()" file="main.go:17"
time="2022-08-10T19:03:21+05:00" level=info msg="Not TOKEN" func="telegrambot/bot.StartBot()" file="bot.go:10"
time="2022-08-10T19:03:21+05:00" level=panic msg="Not Found" func="telegrambot/bot.StartBot()" file="bot.go:13"
time="2022-08-10T19:03:58+05:00" level=info msg="Not TOKEN" func="telegrambot/bot.StartBot()" file="bot.go:10"
time="2022-08-10T19:03:59+05:00" level=panic msg="Not Found" func="telegrambot/bot.StartBot()" file="bot.go:13"
time="2022-08-10T19:04:19+05:00" level=info msg="Not TOKEN" func="telegrambot/bot.StartBot()" file="bot.go:10"
time="2022-08-10T19:04:19+05:00" level=panic msg="Not Found" func="telegrambot/bot.StartBot()" file="bot.go:13"
time="2022-08-10T19:06:39+05:00" level=info msg="Not TOKEN" func="telegrambot/bot.StartBot()" file="bot.go:10"
time="2022-08-10T19:06:40+05:00" level=panic msg="Not Found" func="telegrambot/bot.StartBot()" file="bot.go:13"
time="2022-08-10T19:08:10+05:00" level=info msg="Not TOKEN" func="telegrambot/bot.StartBot()" file="bot.go:10"
time="2022-08-10T19:08:11+05:00" level=panic msg="Not Found" func="telegrambot/bot.StartBot()" file="bot.go:13"
time="2022-08-10T19:10:03+05:00" level=info msg="5516908953:AAFUWAKQMaWZ3YIPUdlk6PF8g2NwWFWcpTY" func="telegrambot/bot.StartBot()" file="bot.go:10"
time="2022-08-10T19:10:06+05:00" level=info msg="Authorized on account ChannelHelperrBot" func="telegrambot/bot.StartBot()" file="bot.go:18"
time="2022-08-10T19:12:16+05:00" level=info msg="5516908953:AAFUWAKQMaWZ3YIPUdlk6PF8g2NwWFWcpTY" func="telegrambot/bot.StartBot()" file="bot.go:10"
time="2022-08-10T19:12:16+05:00" level=info msg="Authorized on account ChannelHelperrBot" func="telegrambot/bot.StartBot()" file="bot.go:18"
time="2022-08-10T19:13:22+05:00" level=info msg="[BakhodirIbnYashinIbnMansurMRB] /start" func="telegrambot/bot.StartBot()" file="bot.go:28"
time="2022-08-10T21:00:59+05:00" level=info msg="[BakhodirIbnYashinIbnMansurMRB] /start" func="telegrambot/bot.StartBot()" file="bot.go:28"
time="2022-08-10T21:01:04+05:00" level=info msg="[BakhodirIbnYashinIbnMansurMRB] Hi" func="telegrambot/bot.StartBot()" file="bot.go:28"
time="2022-08-10T21:01:42+05:00" level=info msg="5516908953:AAFUWAKQMaWZ3YIPUdlk6PF8g2NwWFWcpTY" func="telegrambot/bot.StartBot()" file="bot.go:10"
time="2022-08-10T21:01:42+05:00" level=info msg="Authorized on account ChannelHelperrBot" func="telegrambot/bot.StartBot()" file="bot.go:18"
time="2022-08-10T21:01:46+05:00" level=info msg="[%s] %sBakhodirIbnYashinIbnMansurMRB/start" func="telegrambot/bot.StartBot()" file="bot.go:28"
time="2022-08-10T21:04:24+05:00" level=info msg="[%s] %sBakhodirIbnYashinIbnMansurMRB/start" func="telegrambot/bot.StartBot()" file="bot.go:28"
time="2022-08-10T21:09:04+05:00" level=info msg="Authorized on account QRCodeScanAndCreateBot" func="telegrambot/bot.StartBot()" file="bot.go:17"
time="2022-08-10T21:54:35+05:00" level=panic msg="Post \"https://api.telegram.org/bot5588017461:AAEVOo2uh_2y-o7HNtqIR1CrzvsJqIi6JAQ/getMe\": dial tcp: lookup api.telegram.org: Temporary failure in name resolution" func="telegrambot/bot.StartBot()" file="bot.go:14"
time="2022-08-10T22:54:59+05:00" level=fatal msg="Not Strated db :%ssql: unknown driver \"sqlite3\" (forgotten import?)" func="main.main()" file="main.go:17"
time="2022-08-10T22:56:06+05:00" level=fatal msg="Not Strated db :sql: unknown driver \"sqlite3\" (forgotten import?)" func="main.main()" file="main.go:17"
time="2022-08-10T23:12:25+05:00" level=info msg="DB&{0xc000230480 <nil> 0 0xc000240380 1}" func="main.main()" file="main.go:23"
time="2022-08-10T23:12:26+05:00" level=info msg="Authorized on account QRCodeScanAndCreateBot" func="telegrambot/bot.StartBot()" file="bot.go:18"
time="2022-08-10T23:19:55+05:00" level=info msg="DB&{0xc000204630 <nil> 0 0xc000212380 1}" func="main.main()" file="main.go:23"
time="2022-08-10T23:19:55+05:00" level=info msg="Authorized on account QRCodeScanAndCreateBot" func="telegrambot/bot.StartBot()" file="bot.go:18"
time="2022-08-11T00:26:08+05:00" level=info msg="&{5588017461:AAEVOo2uh_2y-o7HNtqIR1CrzvsJqIi6JAQ localhost 5432    7000 localhost}" func="main.main()" file="main.go:17"
time="2022-08-11T00:26:08+05:00" level=info msg="Run DB" func="main.main()" file="main.go:22"
time="2022-08-11T00:26:08+05:00" level=info msg="Authorized on account QRCodeScanAndCreateBot" func="telegrambot/bot.StartBot()" file="bot.go:18"
time="2022-08-11T00:33:23+05:00" level=info msg="&{5588017461:AAEVOo2uh_2y-o7HNtqIR1CrzvsJqIi6JAQ localhost 5432    7000 localhost}" func="main.main()" file="main.go:17"
time="2022-08-11T00:33:23+05:00" level=info msg="Run DB" func="main.main()" file="main.go:22"
time="2022-08-11T00:33:23+05:00" level=info msg="Authorized on account QRCodeScanAndCreateBot" func="telegrambot/bot.StartBot()" file="bot.go:18"
time="2022-08-11T00:36:17+05:00" level=info msg="&{5588017461:AAEVOo2uh_2y-o7HNtqIR1CrzvsJqIi6JAQ localhost 5432    7000 localhost}" func="main.main()" file="main.go:17"
time="2022-08-11T00:36:17+05:00" level=info msg="Run DB" func="main.main()" file="main.go:22"
time="2022-08-11T00:36:17+05:00" level=info msg="Authorized on account QRCodeScanAndCreateBot" func="telegrambot/bot.StartBot()" file="bot.go:16"
time="2022-08-11T00:36:17+05:00" level=info msg="Start Telegram Bot" func="telegrambot/bot.StartBot()" file="bot.go:17"
time="2022-08-11T01:04:41+05:00" level=info msg="&{5588017461:AAEVOo2uh_2y-o7HNtqIR1CrzvsJqIi6JAQ localhost 5432    7000 localhost}" func="main.main()" file="main.go:18"
time="2022-08-11T01:04:41+05:00" level=info msg="Run DB" func="main.main()" file="main.go:23"
time="2022-08-11T01:04:42+05:00" level=info msg="Authorized on account QRCodeScanAndCreateBot" func="telegrambot/bot.StartBot()" file="bot.go:16"
time="2022-08-11T01:04:42+05:00" level=info msg="Start Telegram Bot" func="telegrambot/bot.StartBot()" file="bot.go:17"
time="2022-08-11T01:05:56+05:00" level=info msg="[%s] %sBakhodirIbnYashinIbnMansurMRB/start" func="telegrambot/bot.StartBot()" file="bot.go:28"
time="2022-08-11T01:06:01+05:00" level=info msg="[%s] %sBakhodirIbnYashinIbnMansurMRB/start" func="telegrambot/bot.StartBot()" file="bot.go:28"
time="2022-08-11T01:06:16+05:00" level=info msg="[%s] %sBakhodirIbnYashinIbnMansurMRBHi" func="telegrambot/bot.StartBot()" file="bot.go:28"
time="2022-08-11T01:08:23+05:00" level=info msg="&{5588017461:AAEVOo2uh_2y-o7HNtqIR1CrzvsJqIi6JAQ localhost 5432    7000 localhost}" func="main.main()" file="main.go:18"
time="2022-08-11T01:08:23+05:00" level=info msg="Run DB" func="main.main()" file="main.go:23"
time="2022-08-11T01:08:23+05:00" level=info msg="Authorized on account QRCodeScanAndCreateBot" func="telegrambot/bot.StartBot()" file="bot.go:16"
time="2022-08-11T01:08:23+05:00" level=info msg="Start Telegram Bot" func="telegrambot/bot.StartBot()" file="bot.go:17"
time="2022-08-11T01:08:28+05:00" level=info msg="[%s] %sBakhodirIbnYashinIbnMansurMRB/start" func="telegrambot/bot.StartBot()" file="bot.go:28"
time="2022-08-11T01:08:42+05:00" level=info msg="[%s] %sBakhodirIbnYashinIbnMansurMRB/do" func="telegrambot/bot.StartBot()" file="bot.go:28"
time="2022-08-11T01:08:44+05:00" level=info msg="[%s] %sBakhodirIbnYashinIbnMansurMRBHe" func="telegrambot/bot.StartBot()" file="bot.go:28"
time="2022-08-11T01:11:57+05:00" level=info msg="&{5588017461:AAEVOo2uh_2y-o7HNtqIR1CrzvsJqIi6JAQ localhost 5432    7000 localhost}" func="main.main()" file="main.go:18"
time="2022-08-11T01:11:57+05:00" level=info msg="Run DB" func="main.main()" file="main.go:23"
time="2022-08-11T01:11:58+05:00" level=info msg="Authorized on account QRCodeScanAndCreateBot" func="telegrambot/bot.StartBot()" file="bot.go:16"
time="2022-08-11T01:11:58+05:00" level=info msg="Start Telegram Bot" func="telegrambot/bot.StartBot()" file="bot.go:17"
time="2022-08-11T01:12:08+05:00" level=info msg="[%s] %sBakhodirIbnYashinIbnMansurMRB/do" func="telegrambot/bot.StartBot()" file="bot.go:28"
time="2022-08-11T01:12:58+05:00" level=info msg="&{5588017461:AAEVOo2uh_2y-o7HNtqIR1CrzvsJqIi6JAQ localhost 5432    7000 localhost}" func="main.main()" file="main.go:18"
time="2022-08-11T01:12:58+05:00" level=info msg="Run DB" func="main.main()" file="main.go:23"
time="2022-08-11T01:12:58+05:00" level=info msg="Authorized on account QRCodeScanAndCreateBot" func="telegrambot/bot.StartBot()" file="bot.go:16"
time="2022-08-11T01:12:58+05:00" level=info msg="Start Telegram Bot" func="telegrambot/bot.StartBot()" file="bot.go:17"
time="2022-08-11T01:13:02+05:00" level=info msg="[%s] %sBakhodirIbnYashinIbnMansurMRB/do" func="telegrambot/bot.StartBot()" file="bot.go:28"
time="2022-08-11T01:32:02+05:00" level=info msg="&{5588017461:AAEVOo2uh_2y-o7HNtqIR1CrzvsJqIi6JAQ localhost 5432    7000 localhost}" func="main.main()" file="main.go:15"
time="2022-08-11T01:32:53+05:00" level=info msg="&{5588017461:AAEVOo2uh_2y-o7HNtqIR1CrzvsJqIi6JAQ localhost 5432    7000 localhost}" func="main.main()" file="main.go:15"
time="2022-08-11T01:36:48+05:00" level=info msg="&{5588017461:AAEVOo2uh_2y-o7HNtqIR1CrzvsJqIi6JAQ localhost 5432    7000 localhost}" func="main.main()" file="main.go:18"
time="2022-08-11T01:36:48+05:00" level=info msg="Run DB" func="main.main()" file="main.go:23"
time="2022-08-11T01:36:48+05:00" level=info msg="Authorized on account QRCodeScanAndCreateBot" func="telegrambot/bot.StartBot()" file="bot.go:16"
time="2022-08-11T01:36:48+05:00" level=info msg="Start Telegram Bot" func="telegrambot/bot.StartBot()" file="bot.go:17"
time="2022-08-11T01:41:01+05:00" level=info msg="&{5588017461:AAEVOo2uh_2y-o7HNtqIR1CrzvsJqIi6JAQ localhost 5432    7000 localhost}" func="main.main()" file="main.go:18"
time="2022-08-11T01:41:01+05:00" level=info msg="Run DB" func="main.main()" file="main.go:23"
time="2022-08-11T01:41:02+05:00" level=info msg="Authorized on account QRCodeScanAndCreateBot" func="telegrambot/bot.StartBot()" file="bot.go:16"
time="2022-08-11T01:41:02+05:00" level=info msg="Start Telegram Bot" func="telegrambot/bot.StartBot()" file="bot.go:17"
time="2022-08-11T01:41:30+05:00" level=info msg="&{5588017461:AAEVOo2uh_2y-o7HNtqIR1CrzvsJqIi6JAQ localhost 5432    7000 localhost}" func="main.main()" file="main.go:18"
time="2022-08-11T01:41:30+05:00" level=info msg="Run DB" func="main.main()" file="main.go:23"
time="2022-08-11T01:41:31+05:00" level=info msg="Authorized on account QRCodeScanAndCreateBot" func="telegrambot/bot.StartBot()" file="bot.go:16"
time="2022-08-11T01:41:31+05:00" level=info msg="Start Telegram Bot" func="telegrambot/bot.StartBot()" file="bot.go:17"
time="2022-08-11T01:42:33+05:00" level=info msg="&{5588017461:AAEVOo2uh_2y-o7HNtqIR1CrzvsJqIi6JAQ localhost 5432    7000 localhost}" func="main.main()" file="main.go:18"
time="2022-08-11T01:42:33+05:00" level=info msg="Run DB" func="main.main()" file="main.go:23"
time="2022-08-11T01:42:33+05:00" level=info msg="Authorized on account QRCodeScanAndCreateBot" func="telegrambot/bot.StartBot()" file="bot.go:16"
time="2022-08-11T01:42:33+05:00" level=info msg="Start Telegram Bot" func="telegrambot/bot.StartBot()" file="bot.go:17"
time="2022-08-11T01:46:34+05:00" level=info msg="&{5588017461:AAEVOo2uh_2y-o7HNtqIR1CrzvsJqIi6JAQ localhost 5432    7000 localhost}" func="main.main()" file="main.go:18"
time="2022-08-11T01:46:34+05:00" level=info msg="Run DB" func="main.main()" file="main.go:23"
time="2022-08-11T01:46:35+05:00" level=info msg="Authorized on account QRCodeScanAndCreateBot" func="telegrambot/bot.StartBot()" file="bot.go:16"
time="2022-08-11T01:46:35+05:00" level=info msg="Start Telegram Bot" func="telegrambot/bot.StartBot()" file="bot.go:17"
time="2022-08-11T01:49:02+05:00" level=info msg="&{5588017461:AAEVOo2uh_2y-o7HNtqIR1CrzvsJqIi6JAQ localhost 5432    7000 localhost}" func="main.main()" file="main.go:18"
time="2022-08-11T01:49:02+05:00" level=info msg="Run DB" func="main.main()" file="main.go:23"
time="2022-08-11T01:49:03+05:00" level=info msg="Authorized on account QRCodeScanAndCreateBot" func="telegrambot/bot.StartBot()" file="bot.go:16"
time="2022-08-11T01:49:03+05:00" level=info msg="Start Telegram Bot" func="telegrambot/bot.StartBot()" file="bot.go:17"
time="2022-08-11T01:51:18+05:00" level=info msg="&{5588017461:AAEVOo2uh_2y-o7HNtqIR1CrzvsJqIi6JAQ localhost 5432    7000 localhost}" func="main.main()" file="main.go:18"
time="2022-08-11T01:51:18+05:00" level=info msg="Run DB" func="main.main()" file="main.go:23"
time="2022-08-11T01:51:18+05:00" level=info msg="Authorized on account QRCodeScanAndCreateBot" func="telegrambot/bot.StartBot()" file="bot.go:16"
time="2022-08-11T01:51:18+05:00" level=info msg="Start Telegram Bot" func="telegrambot/bot.StartBot()" file="bot.go:17"
time="2022-08-11T01:53:35+05:00" level=info msg="&{5588017461:AAEVOo2uh_2y-o7HNtqIR1CrzvsJqIi6JAQ localhost 5432    7000 localhost}" func="main.main()" file="main.go:18"
time="2022-08-11T01:53:35+05:00" level=info msg="Run DB" func="main.main()" file="main.go:23"
time="2022-08-11T01:53:36+05:00" level=info msg="Authorized on account QRCodeScanAndCreateBot" func="telegrambot/bot.StartBot()" file="bot.go:16"
time="2022-08-11T01:53:36+05:00" level=info msg="Start Telegram Bot" func="telegrambot/bot.StartBot()" file="bot.go:17"
time="2022-08-11T01:55:21+05:00" level=info msg="&{5588017461:AAEVOo2uh_2y-o7HNtqIR1CrzvsJqIi6JAQ localhost 5432    7000 localhost}" func="main.main()" file="main.go:18"
time="2022-08-11T01:55:21+05:00" level=info msg="Run DB" func="main.main()" file="main.go:23"
time="2022-08-11T01:55:21+05:00" level=info msg="Authorized on account QRCodeScanAndCreateBot" func="telegrambot/bot.StartBot()" file="bot.go:16"
time="2022-08-11T01:55:21+05:00" level=info msg="Start Telegram Bot" func="telegrambot/bot.StartBot()" file="bot.go:17"
time="2022-08-11T01:56:14+05:00" level=info msg="&{5588017461:AAEVOo2uh_2y-o7HNtqIR1CrzvsJqIi6JAQ localhost 5432    7000 localhost}" func="main.main()" file="main.go:18"
time="2022-08-11T01:56:14+05:00" level=info msg="Run DB" func="main.main()" file="main.go:23"
time="2022-08-11T01:56:15+05:00" level=info msg="Authorized on account QRCodeScanAndCreateBot" func="telegrambot/bot.StartBot()" file="bot.go:16"
time="2022-08-11T01:56:15+05:00" level=info msg="Start Telegram Bot" func="telegrambot/bot.StartBot()" file="bot.go:17"
time="2022-08-11T01:58:03+05:00" level=info msg="&{5588017461:AAEVOo2uh_2y-o7HNtqIR1CrzvsJqIi6JAQ localhost 5432    7000 localhost}" func="main.main()" file="main.go:18"
time="2022-08-11T01:58:03+05:00" level=info msg="Run DB" func="main.main()" file="main.go:23"
time="2022-08-11T01:58:04+05:00" level=info msg="Authorized on account QRCodeScanAndCreateBot" func="telegrambot/bot.StartBot()" file="bot.go:16"
time="2022-08-11T01:58:04+05:00" level=info msg="Start Telegram Bot" func="telegrambot/bot.StartBot()" file="bot.go:17"
time="2022-08-11T01:58:33+05:00" level=info msg="&{5588017461:AAEVOo2uh_2y-o7HNtqIR1CrzvsJqIi6JAQ localhost 5432    7000 localhost}" func="main.main()" file="main.go:18"
time="2022-08-11T01:58:33+05:00" level=info msg="Run DB" func="main.main()" file="main.go:23"
time="2022-08-11T01:58:34+05:00" level=info msg="Authorized on account QRCodeScanAndCreateBot" func="telegrambot/bot.StartBot()" file="bot.go:16"
time="2022-08-11T01:58:34+05:00" level=info msg="Start Telegram Bot" func="telegrambot/bot.StartBot()" file="bot.go:17"
time="2022-08-11T01:59:57+05:00" level=info msg="&{5588017461:AAEVOo2uh_2y-o7HNtqIR1CrzvsJqIi6JAQ localhost 5432    7000 localhost}" func="main.main()" file="main.go:18"
time="2022-08-11T01:59:57+05:00" level=info msg="Run DB" func="main.main()" file="main.go:23"
time="2022-08-11T01:59:58+05:00" level=info msg="Authorized on account QRCodeScanAndCreateBot" func="telegrambot/bot.StartBot()" file="bot.go:16"
time="2022-08-11T01:59:58+05:00" level=info msg="Start Telegram Bot" func="telegrambot/bot.StartBot()" file="bot.go:17"
